<?xml version="1.0" encoding="UTF-8"?>
<!-- Generated by org.testng.reporters.JUnitReportReporter -->
<testsuite hostname="DESKTOP-79FQPHF" failures="0" tests="1" name="scripts.TestScript8" time="14.802" errors="0" timestamp="2025-02-05T17:53:28 IST" skipped="0">
  <testcase classname="scripts.TestScript8" name="test5" time="14.802"/>
</testsuite> <!-- scripts.TestScript8 -->
