<?xml version="1.0" encoding="UTF-8"?>
<!-- Generated by org.testng.reporters.JUnitReportReporter -->
<testsuite hostname="DESKTOP-79FQPHF" failures="0" tests="1" name="scripts.Testscript2" time="25.109" errors="0" timestamp="2025-02-05T23:11:24 IST" skipped="0">
  <testcase classname="scripts.Testscript2" name="test2" time="25.109"/>
</testsuite> <!-- scripts.Testscript2 -->
