<?xml version="1.0" encoding="UTF-8"?>
<!-- Generated by org.testng.reporters.JUnitReportReporter -->
<testsuite hostname="DESKTOP-79FQPHF" failures="0" tests="1" name="scripts.TestScript10" time="16.705" errors="0" timestamp="2025-02-05T21:45:09 IST" skipped="0">
  <testcase classname="scripts.TestScript10" name="test5" time="16.705"/>
</testsuite> <!-- scripts.TestScript10 -->
