<?xml version="1.0" encoding="UTF-8"?>
<!-- Generated by org.testng.reporters.JUnitReportReporter -->
<testsuite hostname="DESKTOP-79FQPHF" failures="0" tests="1" name="scripts.TestScript11" time="15.698" errors="0" timestamp="2025-02-05T21:51:30 IST" skipped="0">
  <testcase classname="scripts.TestScript11" name="test1" time="15.698"/>
</testsuite> <!-- scripts.TestScript11 -->
