<?xml version="1.0" encoding="UTF-8"?>
<!-- Generated by org.testng.reporters.JUnitReportReporter -->
<testsuite hostname="DESKTOP-79FQPHF" failures="0" tests="1" name="scripts.TestScript4" time="17.796" errors="0" timestamp="2025-02-05T19:20:45 IST" skipped="0">
  <testcase classname="scripts.TestScript4" name="test1" time="17.796"/>
</testsuite> <!-- scripts.TestScript4 -->
