<?xml version="1.0" encoding="UTF-8"?>
<!-- Generated by org.testng.reporters.JUnitReportReporter -->
<testsuite hostname="DESKTOP-79FQPHF" failures="0" tests="1" name="scripts.TestScript7" time="27.459" errors="0" timestamp="2025-02-05T21:43:28 IST" skipped="0">
  <testcase classname="scripts.TestScript7" name="test5" time="27.459"/>
</testsuite> <!-- scripts.TestScript7 -->
