<?xml version="1.0" encoding="UTF-8"?>
<!-- Generated by org.testng.reporters.JUnitReportReporter -->
<testsuite hostname="DESKTOP-79FQPHF" failures="0" tests="1" name="scripts.TestScript3" time="24.550" errors="0" timestamp="2025-02-05T19:05:39 IST" skipped="0">
  <testcase classname="scripts.TestScript3" name="test1" time="24.550"/>
</testsuite> <!-- scripts.TestScript3 -->
