<?xml version="1.0" encoding="UTF-8"?>
<!-- Generated by org.testng.reporters.JUnitReportReporter -->
<testsuite hostname="DESKTOP-79FQPHF" failures="0" tests="1" name="scripts.Testscript1" time="22.593" errors="0" timestamp="2025-02-05T22:30:03 IST" skipped="0">
  <testcase classname="scripts.Testscript1" name="test1" time="22.593"/>
</testsuite> <!-- scripts.Testscript1 -->
